2004.11.15 22:51 B C:\sites\lojadocristao.com.br\www\manutencao\pictures\arrow.gif --> ftp.eliphotos.com /sites/www.lojadocristao.com.br/www/manutencao/pictures arrow.gif
2004.11.15 22:51 B C:\sites\lojadocristao.com.br\www\manutencao\pictures\browse.gif --> ftp.eliphotos.com /sites/www.lojadocristao.com.br/www/manutencao/pictures browse.gif
2004.11.15 22:51 B C:\sites\lojadocristao.com.br\www\manutencao\pictures\item.gif --> ftp.eliphotos.com /sites/www.lojadocristao.com.br/www/manutencao/pictures item.gif
2004.11.18 16:13 B C:\sites\lojadocristao.com.br\www\manutencao\pictures\arrow.gif --> ftp.rafaelapinho.com.br /www/loja/manutencao/pictures arrow.gif
2004.11.18 16:13 B C:\sites\lojadocristao.com.br\www\manutencao\pictures\browse.gif --> ftp.rafaelapinho.com.br /www/loja/manutencao/pictures browse.gif
2004.11.18 16:13 B C:\sites\lojadocristao.com.br\www\manutencao\pictures\item.gif --> ftp.rafaelapinho.com.br /www/loja/manutencao/pictures item.gif
2004.11.18 16:13 B C:\sites\lojadocristao.com.br\www\manutencao\pictures\WS_FTP.LOG --> ftp.rafaelapinho.com.br /www/loja/manutencao/pictures WS_FTP.LOG
2004.11.28 21:10 B C:\sites\lojadocristao.com.br\www\manutencao\pictures\arrow.gif --> ftp.eliphotos.com /sites/www.lojadocristao.com.br/www/manutencao/pictures arrow.gif
2004.11.28 21:10 B C:\sites\lojadocristao.com.br\www\manutencao\pictures\browse.gif --> ftp.eliphotos.com /sites/www.lojadocristao.com.br/www/manutencao/pictures browse.gif
2004.11.28 21:10 B C:\sites\lojadocristao.com.br\www\manutencao\pictures\item.gif --> ftp.eliphotos.com /sites/www.lojadocristao.com.br/www/manutencao/pictures item.gif
2005.03.10 17:59 B D:\sites\www.lojadocristao.com.br\www\manutencao\pictures\WS_FTP.LOG <-- em /sites/www.lojadocristao.com.br/www/manutencao/pictures WS_FTP.LOG
2005.03.18 00:58 B d:\sites\www.vivanaturalmente.com.br\www\manutencao\pictures\arrow.gif --> ftp.eliphotos.com /sites/www.vivanaturalmente.com.br/www/manutencao/pictures arrow.gif
2005.03.18 00:58 B d:\sites\www.vivanaturalmente.com.br\www\manutencao\pictures\browse.gif --> ftp.eliphotos.com /sites/www.vivanaturalmente.com.br/www/manutencao/pictures browse.gif
2005.03.18 00:58 B d:\sites\www.vivanaturalmente.com.br\www\manutencao\pictures\item.gif --> ftp.eliphotos.com /sites/www.vivanaturalmente.com.br/www/manutencao/pictures item.gif
2005.03.18 00:58 B d:\sites\www.vivanaturalmente.com.br\www\manutencao\pictures\Thumbs.db --> ftp.eliphotos.com /sites/www.vivanaturalmente.com.br/www/manutencao/pictures Thumbs.db
2005.03.18 00:58 B d:\sites\www.vivanaturalmente.com.br\www\manutencao\pictures\WS_FTP.LOG --> ftp.eliphotos.com /sites/www.vivanaturalmente.com.br/www/manutencao/pictures WS_FTP.LOG
2005.03.18 01:06 B d:\sites\www.vivanaturalmente.com.br\www\manutencao\pictures\arrow.gif --> ftp.eliphotos.com /sites/www.vivanaturalmente.com.br/www/manutencao/pictures arrow.gif
2005.03.18 01:06 B d:\sites\www.vivanaturalmente.com.br\www\manutencao\pictures\browse.gif --> ftp.eliphotos.com /sites/www.vivanaturalmente.com.br/www/manutencao/pictures browse.gif
2005.03.18 01:06 B d:\sites\www.vivanaturalmente.com.br\www\manutencao\pictures\item.gif --> ftp.eliphotos.com /sites/www.vivanaturalmente.com.br/www/manutencao/pictures item.gif
2005.03.18 01:06 B d:\sites\www.vivanaturalmente.com.br\www\manutencao\pictures\Thumbs.db --> ftp.eliphotos.com /sites/www.vivanaturalmente.com.br/www/manutencao/pictures Thumbs.db
2005.03.18 01:06 B d:\sites\www.vivanaturalmente.com.br\www\manutencao\pictures\WS_FTP.LOG --> ftp.eliphotos.com /sites/www.vivanaturalmente.com.br/www/manutencao/pictures WS_FTP.LOG
