2004.11.15 22:51 B C:\sites\lojadocristao.com.br\www\manutencao\includes\adovbs.inc --> ftp.eliphotos.com /sites/www.lojadocristao.com.br/www/manutencao/includes adovbs.inc
2004.11.15 22:51 B C:\sites\lojadocristao.com.br\www\manutencao\includes\err.asp --> ftp.eliphotos.com /sites/www.lojadocristao.com.br/www/manutencao/includes err.asp
2004.11.15 22:51 B C:\sites\lojadocristao.com.br\www\manutencao\includes\functions.asp --> ftp.eliphotos.com /sites/www.lojadocristao.com.br/www/manutencao/includes functions.asp
2004.11.15 22:51 B C:\sites\lojadocristao.com.br\www\manutencao\includes\pwdprotect.asp --> ftp.eliphotos.com /sites/www.lojadocristao.com.br/www/manutencao/includes pwdprotect.asp
2004.11.18 16:13 B C:\sites\lojadocristao.com.br\www\manutencao\includes\adovbs.inc --> ftp.rafaelapinho.com.br /www/loja/manutencao/includes adovbs.inc
2004.11.18 16:13 B C:\sites\lojadocristao.com.br\www\manutencao\includes\err.asp --> ftp.rafaelapinho.com.br /www/loja/manutencao/includes err.asp
2004.11.18 16:13 B C:\sites\lojadocristao.com.br\www\manutencao\includes\functions.asp --> ftp.rafaelapinho.com.br /www/loja/manutencao/includes functions.asp
2004.11.18 16:13 B C:\sites\lojadocristao.com.br\www\manutencao\includes\pwdprotect.asp --> ftp.rafaelapinho.com.br /www/loja/manutencao/includes pwdprotect.asp
2004.11.18 16:13 B C:\sites\lojadocristao.com.br\www\manutencao\includes\WS_FTP.LOG --> ftp.rafaelapinho.com.br /www/loja/manutencao/includes WS_FTP.LOG
2004.11.28 21:10 B C:\sites\lojadocristao.com.br\www\manutencao\includes\adovbs.inc --> ftp.eliphotos.com /sites/www.lojadocristao.com.br/www/manutencao/includes adovbs.inc
2004.11.28 21:10 B C:\sites\lojadocristao.com.br\www\manutencao\includes\err.asp --> ftp.eliphotos.com /sites/www.lojadocristao.com.br/www/manutencao/includes err.asp
2004.11.28 21:10 B C:\sites\lojadocristao.com.br\www\manutencao\includes\functions.asp --> ftp.eliphotos.com /sites/www.lojadocristao.com.br/www/manutencao/includes functions.asp
2004.11.28 21:10 B C:\sites\lojadocristao.com.br\www\manutencao\includes\pwdprotect.asp --> ftp.eliphotos.com /sites/www.lojadocristao.com.br/www/manutencao/includes pwdprotect.asp
2005.03.10 17:59 B D:\sites\www.lojadocristao.com.br\www\manutencao\includes\WS_FTP.LOG <-- em /sites/www.lojadocristao.com.br/www/manutencao/includes WS_FTP.LOG
2005.03.18 00:58 B d:\sites\www.vivanaturalmente.com.br\www\manutencao\includes\adovbs.inc --> ftp.eliphotos.com /sites/www.vivanaturalmente.com.br/www/manutencao/includes adovbs.inc
2005.03.18 00:58 B d:\sites\www.vivanaturalmente.com.br\www\manutencao\includes\err.asp --> ftp.eliphotos.com /sites/www.vivanaturalmente.com.br/www/manutencao/includes err.asp
2005.03.18 00:58 B d:\sites\www.vivanaturalmente.com.br\www\manutencao\includes\functions.asp --> ftp.eliphotos.com /sites/www.vivanaturalmente.com.br/www/manutencao/includes functions.asp
2005.03.18 00:58 B d:\sites\www.vivanaturalmente.com.br\www\manutencao\includes\pwdprotect.asp --> ftp.eliphotos.com /sites/www.vivanaturalmente.com.br/www/manutencao/includes pwdprotect.asp
2005.03.18 00:58 B d:\sites\www.vivanaturalmente.com.br\www\manutencao\includes\WS_FTP.LOG --> ftp.eliphotos.com /sites/www.vivanaturalmente.com.br/www/manutencao/includes WS_FTP.LOG
2005.03.18 01:06 B d:\sites\www.vivanaturalmente.com.br\www\manutencao\includes\adovbs.inc --> ftp.eliphotos.com /sites/www.vivanaturalmente.com.br/www/manutencao/includes adovbs.inc
2005.03.18 01:06 B d:\sites\www.vivanaturalmente.com.br\www\manutencao\includes\err.asp --> ftp.eliphotos.com /sites/www.vivanaturalmente.com.br/www/manutencao/includes err.asp
2005.03.18 01:06 B d:\sites\www.vivanaturalmente.com.br\www\manutencao\includes\functions.asp --> ftp.eliphotos.com /sites/www.vivanaturalmente.com.br/www/manutencao/includes functions.asp
2005.03.18 01:06 B d:\sites\www.vivanaturalmente.com.br\www\manutencao\includes\pwdprotect.asp --> ftp.eliphotos.com /sites/www.vivanaturalmente.com.br/www/manutencao/includes pwdprotect.asp
2005.03.18 01:06 B d:\sites\www.vivanaturalmente.com.br\www\manutencao\includes\WS_FTP.LOG --> ftp.eliphotos.com /sites/www.vivanaturalmente.com.br/www/manutencao/includes WS_FTP.LOG
