2004.11.15 22:51 B C:\sites\lojadocristao.com.br\www\manutencao\aspinfo.asp --> ftp.eliphotos.com /sites/www.lojadocristao.com.br/www/manutencao aspinfo.asp
2004.11.15 22:51 B C:\sites\lojadocristao.com.br\www\manutencao\createdb.asp --> ftp.eliphotos.com /sites/www.lojadocristao.com.br/www/manutencao createdb.asp
2004.11.15 22:51 B C:\sites\lojadocristao.com.br\www\manutencao\includetop.asp --> ftp.eliphotos.com /sites/www.lojadocristao.com.br/www/manutencao includetop.asp
2004.11.15 22:52 B C:\sites\lojadocristao.com.br\www\manutencao\index.asp --> ftp.eliphotos.com /sites/www.lojadocristao.com.br/www/manutencao index.asp
2004.11.15 22:52 B C:\sites\lojadocristao.com.br\www\manutencao\leiame.txt --> ftp.eliphotos.com /sites/www.lojadocristao.com.br/www/manutencao leiame.txt
2004.11.15 22:52 B C:\sites\lojadocristao.com.br\www\manutencao\loaddb.asp --> ftp.eliphotos.com /sites/www.lojadocristao.com.br/www/manutencao loaddb.asp
2004.11.15 22:52 B C:\sites\lojadocristao.com.br\www\manutencao\record.asp --> ftp.eliphotos.com /sites/www.lojadocristao.com.br/www/manutencao record.asp
2004.11.15 22:52 B C:\sites\lojadocristao.com.br\www\manutencao\selectdb.asp --> ftp.eliphotos.com /sites/www.lojadocristao.com.br/www/manutencao selectdb.asp
2004.11.15 22:52 B C:\sites\lojadocristao.com.br\www\manutencao\table.asp --> ftp.eliphotos.com /sites/www.lojadocristao.com.br/www/manutencao table.asp
2004.11.15 22:52 B C:\sites\lojadocristao.com.br\www\manutencao\view.asp --> ftp.eliphotos.com /sites/www.lojadocristao.com.br/www/manutencao view.asp
2004.11.18 16:13 B C:\sites\lojadocristao.com.br\www\manutencao\aspinfo.asp --> ftp.rafaelapinho.com.br /www/loja/manutencao aspinfo.asp
2004.11.18 16:13 B C:\sites\lojadocristao.com.br\www\manutencao\createdb.asp --> ftp.rafaelapinho.com.br /www/loja/manutencao createdb.asp
2004.11.18 16:13 B C:\sites\lojadocristao.com.br\www\manutencao\includetop.asp --> ftp.rafaelapinho.com.br /www/loja/manutencao includetop.asp
2004.11.18 16:13 B C:\sites\lojadocristao.com.br\www\manutencao\index.asp --> ftp.rafaelapinho.com.br /www/loja/manutencao index.asp
2004.11.18 16:13 A C:\sites\lojadocristao.com.br\www\manutencao\leiame.txt --> ftp.rafaelapinho.com.br /www/loja/manutencao leiame.txt
2004.11.18 16:13 B C:\sites\lojadocristao.com.br\www\manutencao\loaddb.asp --> ftp.rafaelapinho.com.br /www/loja/manutencao loaddb.asp
2004.11.18 16:13 B C:\sites\lojadocristao.com.br\www\manutencao\record.asp --> ftp.rafaelapinho.com.br /www/loja/manutencao record.asp
2004.11.18 16:13 B C:\sites\lojadocristao.com.br\www\manutencao\selectdb.asp --> ftp.rafaelapinho.com.br /www/loja/manutencao selectdb.asp
2004.11.18 16:14 B C:\sites\lojadocristao.com.br\www\manutencao\table.asp --> ftp.rafaelapinho.com.br /www/loja/manutencao table.asp
2004.11.18 16:14 B C:\sites\lojadocristao.com.br\www\manutencao\view.asp --> ftp.rafaelapinho.com.br /www/loja/manutencao view.asp
2004.11.18 16:14 B C:\sites\lojadocristao.com.br\www\manutencao\WS_FTP.LOG --> ftp.rafaelapinho.com.br /www/loja/manutencao WS_FTP.LOG
2004.11.28 21:10 B C:\sites\lojadocristao.com.br\www\manutencao\aspinfo.asp --> ftp.eliphotos.com /sites/www.lojadocristao.com.br/www/manutencao aspinfo.asp
2004.11.28 21:10 B C:\sites\lojadocristao.com.br\www\manutencao\createdb.asp --> ftp.eliphotos.com /sites/www.lojadocristao.com.br/www/manutencao createdb.asp
2004.11.28 21:10 B C:\sites\lojadocristao.com.br\www\manutencao\includetop.asp --> ftp.eliphotos.com /sites/www.lojadocristao.com.br/www/manutencao includetop.asp
2004.11.28 21:10 B C:\sites\lojadocristao.com.br\www\manutencao\index.asp --> ftp.eliphotos.com /sites/www.lojadocristao.com.br/www/manutencao index.asp
2004.11.28 21:10 B C:\sites\lojadocristao.com.br\www\manutencao\leiame.txt --> ftp.eliphotos.com /sites/www.lojadocristao.com.br/www/manutencao leiame.txt
2004.11.28 21:10 B C:\sites\lojadocristao.com.br\www\manutencao\loaddb.asp --> ftp.eliphotos.com /sites/www.lojadocristao.com.br/www/manutencao loaddb.asp
2004.11.28 21:11 B C:\sites\lojadocristao.com.br\www\manutencao\record.asp --> ftp.eliphotos.com /sites/www.lojadocristao.com.br/www/manutencao record.asp
2004.11.28 21:11 B C:\sites\lojadocristao.com.br\www\manutencao\selectdb.asp --> ftp.eliphotos.com /sites/www.lojadocristao.com.br/www/manutencao selectdb.asp
2004.11.28 21:11 B C:\sites\lojadocristao.com.br\www\manutencao\table.asp --> ftp.eliphotos.com /sites/www.lojadocristao.com.br/www/manutencao table.asp
2004.11.28 21:11 B C:\sites\lojadocristao.com.br\www\manutencao\view.asp --> ftp.eliphotos.com /sites/www.lojadocristao.com.br/www/manutencao view.asp
2005.03.10 18:00 B D:\sites\www.lojadocristao.com.br\www\manutencao\WS_FTP.LOG <-- em /sites/www.lojadocristao.com.br/www/manutencao WS_FTP.LOG
2005.03.18 00:59 B d:\sites\www.vivanaturalmente.com.br\www\manutencao\adm_restrito.asp --> ftp.eliphotos.com /sites/www.vivanaturalmente.com.br/www/manutencao adm_restrito.asp
2005.03.18 00:59 B d:\sites\www.vivanaturalmente.com.br\www\manutencao\aspinfo.asp --> ftp.eliphotos.com /sites/www.vivanaturalmente.com.br/www/manutencao aspinfo.asp
2005.03.18 00:59 B d:\sites\www.vivanaturalmente.com.br\www\manutencao\createdb.asp --> ftp.eliphotos.com /sites/www.vivanaturalmente.com.br/www/manutencao createdb.asp
2005.03.18 00:59 B d:\sites\www.vivanaturalmente.com.br\www\manutencao\includetop.asp --> ftp.eliphotos.com /sites/www.vivanaturalmente.com.br/www/manutencao includetop.asp
2005.03.18 00:59 B d:\sites\www.vivanaturalmente.com.br\www\manutencao\index.asp --> ftp.eliphotos.com /sites/www.vivanaturalmente.com.br/www/manutencao index.asp
2005.03.18 00:59 B d:\sites\www.vivanaturalmente.com.br\www\manutencao\leiame.txt --> ftp.eliphotos.com /sites/www.vivanaturalmente.com.br/www/manutencao leiame.txt
2005.03.18 00:59 B d:\sites\www.vivanaturalmente.com.br\www\manutencao\loaddb.asp --> ftp.eliphotos.com /sites/www.vivanaturalmente.com.br/www/manutencao loaddb.asp
2005.03.18 00:59 B d:\sites\www.vivanaturalmente.com.br\www\manutencao\record.asp --> ftp.eliphotos.com /sites/www.vivanaturalmente.com.br/www/manutencao record.asp
2005.03.18 00:59 B d:\sites\www.vivanaturalmente.com.br\www\manutencao\selectdb.asp --> ftp.eliphotos.com /sites/www.vivanaturalmente.com.br/www/manutencao selectdb.asp
2005.03.18 00:59 B d:\sites\www.vivanaturalmente.com.br\www\manutencao\table.asp --> ftp.eliphotos.com /sites/www.vivanaturalmente.com.br/www/manutencao table.asp
2005.03.18 00:59 B d:\sites\www.vivanaturalmente.com.br\www\manutencao\view.asp --> ftp.eliphotos.com /sites/www.vivanaturalmente.com.br/www/manutencao view.asp
2005.03.18 00:59 B d:\sites\www.vivanaturalmente.com.br\www\manutencao\WS_FTP.LOG --> ftp.eliphotos.com /sites/www.vivanaturalmente.com.br/www/manutencao WS_FTP.LOG
2005.03.18 01:01 B d:\sites\www.vivanaturalmente.com.br\www\manutencao\adm_restrito.asp --> ftp.eliphotos.com /sites/www.vivanaturalmente.com.br/www/manutencao adm_restrito.asp
2005.03.18 01:01 B d:\sites\www.vivanaturalmente.com.br\www\manutencao\aspinfo.asp --> ftp.eliphotos.com /sites/www.vivanaturalmente.com.br/www/manutencao aspinfo.asp
2005.03.18 01:01 B d:\sites\www.vivanaturalmente.com.br\www\manutencao\aspinfo.asp --> ftp.eliphotos.com /sites/www.vivanaturalmente.com.br/www/manutencao aspinfo.asp
2005.03.18 01:01 B d:\sites\www.vivanaturalmente.com.br\www\manutencao\adm_restrito.asp --> ftp.eliphotos.com /sites/www.vivanaturalmente.com.br/www/manutencao adm_restrito.asp
2005.03.18 01:03 B d:\sites\www.vivanaturalmente.com.br\www\manutencao\aspinfo.asp --> ftp.eliphotos.com /sites/www.vivanaturalmente.com.br/www/manutencao aspinfo.asp
2005.03.18 01:04 B d:\sites\www.vivanaturalmente.com.br\www\manutencao\adm_restrito.asp --> ftp.eliphotos.com /sites/www.vivanaturalmente.com.br/www/manutencao adm_restrito.asp
2005.03.18 01:04 B d:\sites\www.vivanaturalmente.com.br\www\manutencao\aspinfo.asp --> ftp.eliphotos.com /sites/www.vivanaturalmente.com.br/www/manutencao aspinfo.asp
2005.03.18 01:06 B d:\sites\www.vivanaturalmente.com.br\www\manutencao\adm_restrito.asp --> ftp.eliphotos.com /sites/www.vivanaturalmente.com.br/www/manutencao adm_restrito.asp
2005.03.18 01:06 B d:\sites\www.vivanaturalmente.com.br\www\manutencao\aspinfo.asp --> ftp.eliphotos.com /sites/www.vivanaturalmente.com.br/www/manutencao aspinfo.asp
2005.03.18 01:06 B d:\sites\www.vivanaturalmente.com.br\www\manutencao\createdb.asp --> ftp.eliphotos.com /sites/www.vivanaturalmente.com.br/www/manutencao createdb.asp
2005.03.18 01:06 B d:\sites\www.vivanaturalmente.com.br\www\manutencao\includetop.asp --> ftp.eliphotos.com /sites/www.vivanaturalmente.com.br/www/manutencao includetop.asp
2005.03.18 01:06 B d:\sites\www.vivanaturalmente.com.br\www\manutencao\index.asp --> ftp.eliphotos.com /sites/www.vivanaturalmente.com.br/www/manutencao index.asp
2005.03.18 01:07 A d:\sites\www.vivanaturalmente.com.br\www\manutencao\leiame.txt --> ftp.eliphotos.com /sites/www.vivanaturalmente.com.br/www/manutencao leiame.txt
2005.03.18 01:07 B d:\sites\www.vivanaturalmente.com.br\www\manutencao\loaddb.asp --> ftp.eliphotos.com /sites/www.vivanaturalmente.com.br/www/manutencao loaddb.asp
2005.03.18 01:07 B d:\sites\www.vivanaturalmente.com.br\www\manutencao\record.asp --> ftp.eliphotos.com /sites/www.vivanaturalmente.com.br/www/manutencao record.asp
2005.03.18 01:07 B d:\sites\www.vivanaturalmente.com.br\www\manutencao\selectdb.asp --> ftp.eliphotos.com /sites/www.vivanaturalmente.com.br/www/manutencao selectdb.asp
2005.03.18 01:07 B d:\sites\www.vivanaturalmente.com.br\www\manutencao\table.asp --> ftp.eliphotos.com /sites/www.vivanaturalmente.com.br/www/manutencao table.asp
2005.03.18 01:07 B d:\sites\www.vivanaturalmente.com.br\www\manutencao\view.asp --> ftp.eliphotos.com /sites/www.vivanaturalmente.com.br/www/manutencao view.asp
2005.03.18 01:07 B d:\sites\www.vivanaturalmente.com.br\www\manutencao\WS_FTP.LOG --> ftp.eliphotos.com /sites/www.vivanaturalmente.com.br/www/manutencao WS_FTP.LOG
2005.03.18 01:08 B d:\sites\www.vivanaturalmente.com.br\www\manutencao\includetop.asp --> ftp.eliphotos.com /sites/www.vivanaturalmente.com.br/www/manutencao includetop.asp
